[demo.w3layouts.com/demos_new/template_demo/29-04-2020/glory-luxe-liberty-demo_Free/947760112/web/index.html]
[backblue.gif]
[fade.gif]
[index.html]
[ajax.googleapis.com/ajax/libs/jquery/1.10.2/jquery.min.js]
[demo.w3layouts.com/demos_new/template_demo/29-04-2020/glory-luxe-liberty-demo_Free/947760112/web/assets/css/style-liberty.css]
[m.servedby-buysellads.com/monetization.js]
[demo.w3layouts.com/js/autotrack.js]
[demo.w3layouts.com/images/demobar_w3_4thDec2019.css]
[demo.w3layouts.com/demos_new/template_demo/29-04-2020/glory-luxe-liberty-demo_Free/947760112/web/about.html]
[demo.w3layouts.com/demos_new/template_demo/29-04-2020/glory-luxe-liberty-demo_Free/947760112/web/services.html]
[demo.w3layouts.com/demos_new/template_demo/29-04-2020/glory-luxe-liberty-demo_Free/947760112/web/blog.html]
[demo.w3layouts.com/demos_new/template_demo/29-04-2020/glory-luxe-liberty-demo_Free/947760112/web/blog-single.html]
[demo.w3layouts.com/demos_new/template_demo/29-04-2020/glory-luxe-liberty-demo_Free/947760112/web/landing-single.html]
[demo.w3layouts.com/demos_new/template_demo/29-04-2020/glory-luxe-liberty-demo_Free/947760112/web/contact.html]
[demo.w3layouts.com/demos_new/template_demo/29-04-2020/glory-luxe-liberty-demo_Free/947760112/web/assets/images/ab.jpg]
[demo.w3layouts.com/demos_new/template_demo/29-04-2020/glory-luxe-liberty-demo_Free/947760112/web/assets/images/ab1.jpg]
[demo.w3layouts.com/demos_new/template_demo/29-04-2020/glory-luxe-liberty-demo_Free/947760112/web/assets/images/ab2.jpg]
[demo.w3layouts.com/demos_new/template_demo/29-04-2020/glory-luxe-liberty-demo_Free/947760112/web/assets/images/ab3.jpg]
[demo.w3layouts.com/demos_new/template_demo/29-04-2020/glory-luxe-liberty-demo_Free/947760112/web/assets/images/ab5.jpg]
[demo.w3layouts.com/demos_new/template_demo/29-04-2020/glory-luxe-liberty-demo_Free/947760112/web/assets/images/ab4.jpg]
[demo.w3layouts.com/demos_new/template_demo/29-04-2020/glory-luxe-liberty-demo_Free/947760112/web/assets/images/ab6.jpg]
[demo.w3layouts.com/demos_new/template_demo/29-04-2020/glory-luxe-liberty-demo_Free/947760112/web/assets/images/c2.jpg]
[demo.w3layouts.com/demos_new/template_demo/29-04-2020/glory-luxe-liberty-demo_Free/947760112/web/assets/images/c1.jpg]
[demo.w3layouts.com/demos_new/template_demo/29-04-2020/glory-luxe-liberty-demo_Free/947760112/web/assets/images/c3.jpg]
[demo.w3layouts.com/demos_new/template_demo/29-04-2020/glory-luxe-liberty-demo_Free/947760112/web/assets/js/jquery-3.3.1.min.js]
[demo.w3layouts.com/demos_new/template_demo/29-04-2020/glory-luxe-liberty-demo_Free/947760112/web/assets/js/jquery.waypoints.min.js]
[demo.w3layouts.com/demos_new/template_demo/29-04-2020/glory-luxe-liberty-demo_Free/947760112/web/assets/js/jquery.countup.js]
[demo.w3layouts.com/demos_new/template_demo/29-04-2020/glory-luxe-liberty-demo_Free/947760112/web/assets/js/owl.carousel.js]
[demo.w3layouts.com/demos_new/template_demo/29-04-2020/glory-luxe-liberty-demo_Free/947760112/web/index.html]
[demo.w3layouts.com/demos_new/template_demo/29-04-2020/glory-luxe-liberty-demo_Free/947760112/web/assets/js/bootstrap.min.js]
[demo.w3layouts.com/demos_new/template_demo/29-04-2020/glory-luxe-liberty-demo_Free/947760112/web/assets/fonts/fontawesome-webfont3e6e.eot]
[demo.w3layouts.com/demos_new/template_demo/29-04-2020/glory-luxe-liberty-demo_Free/947760112/web/assets/fonts/fontawesome-webfontd41d.eot]
[demo.w3layouts.com/demos_new/template_demo/29-04-2020/glory-luxe-liberty-demo_Free/947760112/web/assets/fonts/fontawesome-webfont3e6e.woff2]
[demo.w3layouts.com/demos_new/template_demo/29-04-2020/glory-luxe-liberty-demo_Free/947760112/web/assets/fonts/fontawesome-webfont3e6e.woff]
[demo.w3layouts.com/demos_new/template_demo/29-04-2020/glory-luxe-liberty-demo_Free/947760112/web/assets/fonts/fontawesome-webfont3e6e.ttf]
[demo.w3layouts.com/demos_new/template_demo/29-04-2020/glory-luxe-liberty-demo_Free/947760112/web/assets/images/banner1.jpg]
[demo.w3layouts.com/demos_new/template_demo/29-04-2020/glory-luxe-liberty-demo_Free/947760112/web/assets/images/banner2.jpg]
[demo.w3layouts.com/demos_new/template_demo/29-04-2020/glory-luxe-liberty-demo_Free/947760112/web/assets/fonts/fontawesome-webfont3e6e.svg]
[demo.w3layouts.com/demos_new/template_demo/29-04-2020/glory-luxe-liberty-demo_Free/947760112/web/assets/images/banner3.jpg]
[demo.w3layouts.com/demos_new/template_demo/29-04-2020/glory-luxe-liberty-demo_Free/947760112/web/assets/images/banner4.jpg]
[demo.w3layouts.com/demos_new/template_demo/29-04-2020/glory-luxe-liberty-demo_Free/947760112/web/assets/images/dots.png]
[demo.w3layouts.com/demos_new/template_demo/29-04-2020/glory-luxe-liberty-demo_Free/947760112/web/assets/css/owl.video.play.png]
[demo.w3layouts.com/demos_new/template_demo/29-04-2020/glory-luxe-liberty-demo_Free/947760112/web/assets/images/middle.jpg]
[demo.w3layouts.com/demos_new/template_demo/29-04-2020/glory-luxe-liberty-demo_Free/947760112/web/assets/images/middle1.jpg]
[demo.w3layouts.com/demos_new/template_demo/29-04-2020/glory-luxe-liberty-demo_Free/947760112/web/assets/images/contact-1.jpg]
[demo.w3layouts.com/demos_new/template_demo/29-04-2020/glory-luxe-liberty-demo_Free/947760112/web/assets/images/contact-2.jpg]
[demo.w3layouts.com/demos_new/template_demo/29-04-2020/glory-luxe-liberty-demo_Free/947760112/web/assets/images/contact-3.jpg]
[demo.w3layouts.com/demos_new/template_demo/29-04-2020/glory-luxe-liberty-demo_Free/947760112/web/assets/css/style-liberty.css]
[demo.w3layouts.com/images/W3Layouts-light.html]
[demo.w3layouts.com/images/demobar_w3_4thDec2019.css]
[demo.w3layouts.com/demos_new/template_demo/29-04-2020/glory-luxe-liberty-demo_Free/947760112/web/assets/images/team1.jpg]
[demo.w3layouts.com/demos_new/template_demo/29-04-2020/glory-luxe-liberty-demo_Free/947760112/web/assets/images/team2.jpg]
[demo.w3layouts.com/demos_new/template_demo/29-04-2020/glory-luxe-liberty-demo_Free/947760112/web/assets/images/team3.jpg]
[demo.w3layouts.com/demos_new/template_demo/29-04-2020/glory-luxe-liberty-demo_Free/947760112/web/about.html]
[demo.w3layouts.com/demos_new/template_demo/29-04-2020/glory-luxe-liberty-demo_Free/947760112/web/services.html]
[demo.w3layouts.com/demos_new/template_demo/29-04-2020/glory-luxe-liberty-demo_Free/947760112/web/blog.html]
[demo.w3layouts.com/demos_new/template_demo/29-04-2020/glory-luxe-liberty-demo_Free/947760112/web/assets/js/jquery.magnific-popup.min.js]
[demo.w3layouts.com/demos_new/template_demo/29-04-2020/glory-luxe-liberty-demo_Free/947760112/web/blog-single.html]
[demo.w3layouts.com/demos_new/template_demo/29-04-2020/glory-luxe-liberty-demo_Free/947760112/web/landing-single.html]
[demo.w3layouts.com/demos_new/template_demo/29-04-2020/glory-luxe-liberty-demo_Free/947760112/web/contact.html]
[demo.w3layouts.com/demos_new/template_demo/29-04-2020/glory-luxe-liberty-demo_Free/947760112/web/assets/fonts/fontawesome-webfont3e6e.svg]
[demo.w3layouts.com/demos_new/template_demo/29-04-2020/glory-luxe-liberty-demo_Free/947760112/web/assets/css/owl.video.play.html]
[demo.w3layouts.com/assets/css/fonts/linecons/css/linecons.html]
[demo.w3layouts.com/assets/css/fonts/fontawesome/css/font-awesome.min.html]
[demo.w3layouts.com/assets/css/bootstrap.html]
[demo.w3layouts.com/assets/css/xenon-core.html]
[demo.w3layouts.com/assets/css/xenon-forms.html]
[demo.w3layouts.com/assets/css/xenon-components.html]
[demo.w3layouts.com/assets/css/xenon-skins.html]
[demo.w3layouts.com/assets/css/custom.html]
[demo.w3layouts.com/assets/js/jquery-1.11.1.min.html]
[demo.w3layouts.com/assets/js/bootstrap.min.html]
[demo.w3layouts.com/assets/js/TweenMax.min.html]
[demo.w3layouts.com/assets/js/resizeable.html]
[demo.w3layouts.com/assets/js/joinable.html]
[demo.w3layouts.com/assets/js/xenon-api.html]
[demo.w3layouts.com/assets/js/xenon-toggles.html]
[demo.w3layouts.com/assets/js/xenon-custom.html]
[demo.w3layouts.com/images/W3Layouts-light.html]
[demo.w3layouts.com/assets/css/fonts/linecons/css/linecons.html]
[demo.w3layouts.com/assets/css/fonts/fontawesome/css/font-awesome.min.html]
[demo.w3layouts.com/assets/css/bootstrap.html]
[demo.w3layouts.com/assets/css/xenon-core.html]
[demo.w3layouts.com/assets/css/xenon-forms.html]
[demo.w3layouts.com/assets/css/xenon-components.html]
[demo.w3layouts.com/assets/css/xenon-skins.html]
[demo.w3layouts.com/assets/css/custom.html]
[demo.w3layouts.com/assets/js/jquery-1.11.1.min.html]
[demo.w3layouts.com/assets/js/bootstrap.min.html]
[demo.w3layouts.com/assets/js/TweenMax.min.html]
[demo.w3layouts.com/assets/js/resizeable.html]
[demo.w3layouts.com/assets/js/joinable.html]
[demo.w3layouts.com/assets/js/xenon-api.html]
[demo.w3layouts.com/assets/js/xenon-toggles.html]
[demo.w3layouts.com/assets/js/xenon-custom.html]
